d:\0_2022年上实验室事务\c++学习\数据结构\动态数组\动态数组\动态数组\debug\vc142.pdb
d:\0_2022年上实验室事务\c++学习\数据结构\动态数组\动态数组\动态数组\debug\vc142.idb
d:\0_2022年上实验室事务\c++学习\数据结构\动态数组\动态数组\动态数组\debug\01动态数组.obj
d:\0_2022年上实验室事务\c++学习\数据结构\动态数组\动态数组\动态数组\debug\dynamicarray.obj
d:\0_2022年上实验室事务\c++学习\数据结构\动态数组\动态数组\debug\动态数组.pdb
d:\0_2022年上实验室事务\c++学习\数据结构\动态数组\动态数组\动态数组\debug\动态数组.tlog\cl.command.1.tlog
d:\0_2022年上实验室事务\c++学习\数据结构\动态数组\动态数组\动态数组\debug\动态数组.tlog\cl.read.1.tlog
d:\0_2022年上实验室事务\c++学习\数据结构\动态数组\动态数组\动态数组\debug\动态数组.tlog\cl.write.1.tlog
d:\0_2022年上实验室事务\c++学习\数据结构\动态数组\动态数组\动态数组\debug\动态数组.tlog\link-cvtres.read.1.tlog
d:\0_2022年上实验室事务\c++学习\数据结构\动态数组\动态数组\动态数组\debug\动态数组.tlog\link-cvtres.write.1.tlog
d:\0_2022年上实验室事务\c++学习\数据结构\动态数组\动态数组\动态数组\debug\动态数组.tlog\link-rc.read.1.tlog
d:\0_2022年上实验室事务\c++学习\数据结构\动态数组\动态数组\动态数组\debug\动态数组.tlog\link-rc.write.1.tlog
d:\0_2022年上实验室事务\c++学习\数据结构\动态数组\动态数组\动态数组\debug\动态数组.tlog\link.59996-cvtres.read.1.tlog
d:\0_2022年上实验室事务\c++学习\数据结构\动态数组\动态数组\动态数组\debug\动态数组.tlog\link.59996-cvtres.write.1.tlog
d:\0_2022年上实验室事务\c++学习\数据结构\动态数组\动态数组\动态数组\debug\动态数组.tlog\link.59996-rc.read.1.tlog
d:\0_2022年上实验室事务\c++学习\数据结构\动态数组\动态数组\动态数组\debug\动态数组.tlog\link.59996-rc.write.1.tlog
d:\0_2022年上实验室事务\c++学习\数据结构\动态数组\动态数组\动态数组\debug\动态数组.tlog\link.59996.read.1.tlog
d:\0_2022年上实验室事务\c++学习\数据结构\动态数组\动态数组\动态数组\debug\动态数组.tlog\link.59996.write.1.tlog
d:\0_2022年上实验室事务\c++学习\数据结构\动态数组\动态数组\动态数组\debug\动态数组.tlog\link.command.1.tlog
d:\0_2022年上实验室事务\c++学习\数据结构\动态数组\动态数组\动态数组\debug\动态数组.tlog\link.read.1.tlog
d:\0_2022年上实验室事务\c++学习\数据结构\动态数组\动态数组\动态数组\debug\动态数组.tlog\link.write.1.tlog
